<?xml version="1.0" encoding="UTF-8"?>
<testsuite name="ru.netology.WallServiceTest" tests="8" skipped="0" failures="0" errors="0" timestamp="2022-12-08T12:00:34" hostname="LAPTOP-URETPCI2" time="0.032">
  <properties/>
  <testcase name="addIdNoZero" classname="ru.netology.WallServiceTest" time="0.028"/>
  <testcase name="reportShouldBeAdded" classname="ru.netology.WallServiceTest" time="0.001"/>
  <testcase name="commentShouldBeAdded" classname="ru.netology.WallServiceTest" time="0.0"/>
  <testcase name="updateFalse" classname="ru.netology.WallServiceTest" time="0.0"/>
  <testcase name="shouldThrowPostNotFoundException" classname="ru.netology.WallServiceTest" time="0.0"/>
  <testcase name="updateTrue" classname="ru.netology.WallServiceTest" time="0.0"/>
  <testcase name="CorrectReasonNotFoundException" classname="ru.netology.WallServiceTest" time="0.0"/>
  <testcase name="shouldThrowIdNotFoundException" classname="ru.netology.WallServiceTest" time="0.001"/>
  <system-out><![CDATA[]]></system-out>
  <system-err><![CDATA[]]></system-err>
</testsuite>
